<?xml version="1.0" encoding="UTF-8"?>
<!-- Generated by org.testng.reporters.JUnitXMLReporter -->
<testsuite hostname="DESKTOP-H1B11JS" ignored="0" name="Default test" tests="9" failures="0" timestamp="11 Sep 2020 09:40:07 GMT" time="212.269" errors="0">
  <testcase name="TC01_verifyTheWebsiteTitle" time="4.368" classname="com.java.SDET_Selenium.Test.Job_BoardTest"/>
  <testcase name="TC02_VerifyTheWebsiteHeading" time="4.56" classname="com.java.SDET_Selenium.Test.Job_BoardTest"/>
  <testcase name="TC03_getURLOfHeaderImage" time="0.691" classname="com.java.SDET_Selenium.Test.Job_BoardTest"/>
  <testcase name="TC04_verifyWebSiteSeacondHeading" time="4.956" classname="com.java.SDET_Selenium.Test.Job_BoardTest"/>
  <testcase name="TC05_naviagteToJobPage" time="5.075" classname="com.java.SDET_Selenium.Test.Job_BoardTest"/>
  <testcase name="TC06_ApplyToAJob" time="4.258" classname="com.java.SDET_Selenium.Test.Job_BoardTest"/>
  <testcase name="TC07_CreateAJobListing" time="23.792" classname="com.java.SDET_Selenium.Test.Job_BoardTest"/>
  <testcase name="TC08_visitSiteBackend" time="8.645" classname="com.java.SDET_Selenium.Test.Job_BoardTest"/>
  <testcase name="TC09_createAJobBackend" time="65.396" classname="com.java.SDET_Selenium.Test.Job_BoardTest"/>
</testsuite> <!-- Default test -->
