<?xml version="1.0" encoding="UTF-8"?>
<!-- Generated by org.testng.reporters.JUnitXMLReporter -->
<testsuite hostname="DESKTOP-H1B11JS" ignored="0" name="Job Board" tests="9" failures="0" timestamp="11 Sep 2020 09:46:59 GMT" time="204.986" errors="0">
  <testcase name="TC01_verifyTheWebsiteTitle" time="0.77" classname="com.java.SDET_Selenium.Test.Job_BoardTest"/>
  <testcase name="TC02_VerifyTheWebsiteHeading" time="0.759" classname="com.java.SDET_Selenium.Test.Job_BoardTest"/>
  <testcase name="TC03_getURLOfHeaderImage" time="1.015" classname="com.java.SDET_Selenium.Test.Job_BoardTest"/>
  <testcase name="TC04_verifyWebSiteSeacondHeading" time="0.594" classname="com.java.SDET_Selenium.Test.Job_BoardTest"/>
  <testcase name="TC05_naviagteToJobPage" time="8.679" classname="com.java.SDET_Selenium.Test.Job_BoardTest"/>
  <testcase name="TC06_ApplyToAJob" time="5.745" classname="com.java.SDET_Selenium.Test.Job_BoardTest"/>
  <testcase name="TC07_CreateAJobListing" time="14.313" classname="com.java.SDET_Selenium.Test.Job_BoardTest"/>
  <testcase name="TC08_visitSiteBackend" time="9.019" classname="com.java.SDET_Selenium.Test.Job_BoardTest"/>
  <testcase name="TC09_createAJobBackend" time="70.333" classname="com.java.SDET_Selenium.Test.Job_BoardTest"/>
</testsuite> <!-- Job Board -->
